INFO:     Started server process [30625]
INFO:     애플리케이션 시작을 기다리는 중.
[32m09:29:20[0m [[1m정보[0m] [웹서버] 엔진 초기화 시작
[32m09:29:20[0m [[1m정보[0m] [테스트모드] 가상보유종목 복원 -- 17종목
[32m09:29:20[0m [[1m정보[0m] [기동시간] 설정 로드: 2ms
[32m09:29:20[0m [[1m정보[0m] [증권사] 계좌=키움증권, 주문=키움증권, 업종=키움증권, 인증=키움증권, 웹소켓=키움증권
[32m09:29:21[0m [[1m정보[0m] [키움증권] 키움증권 접속완료 (au10001) token=3xzxG2vwrt... expires_dt=20260507054931
[32m09:29:21[0m [[1m정보[0m] [매매적격종목] 저장데이터 로드 -- 1508종목
[32m09:29:21[0m [[1m정보[0m] [엔진] 키움증권 접속 완료
[32m09:29:21[0m [[1m정보[0m] [데이터준비] 레이아웃 저장데이터 로드 -- 1508종목
[32m09:29:21[0m [[1m정보[0m] [데이터준비] 확정데이터 저장데이터 로드 -- 1508종목
[32m09:29:21[0m [[1m정보[0m] [5일평균] 갱신 완료 -- 1516종목, 필터 통과 157개
[32m09:29:21[0m [[1m정보[0m] [데이터준비] 5일거래대금평균/고가 저장데이터 로드 -- 1516종목
[32m09:29:21[0m [[1m정보[0m] [데이터준비] 5일고가 저장데이터 로드 -- 1516종목
[32m09:29:21[0m [[1m정보[0m] [데이터준비] 시장구분 저장데이터 로드 -- 1508종목 (NXT 560)
[32m09:29:21[0m [[1m정보[0m] [데이터준비] 매매적격종목 저장데이터 로드 -- 1508종목
[32m09:29:21[0m [[1m정보[0m] [앱준비] 데이터준비 사용 -- 1508종목 (레이아웃·확정데이터·5일평균 재로드 생략)
[32m09:29:21[0m [[1m정보[0m] [앱준비] 데이터준비 사용 -- 확정데이터·거래대금 데이터 재로드 생략 (1508종목)
[32m09:29:21[0m [[1m정보[0m] [앱준비] 데이터준비 사용 -- 5일거래대금평균/고가 재로드 생략 (1516종목)
[32m09:29:21[0m [[1m정보[0m] [앱준비] 초기화 완료 -- 총 1508종목 (확정데이터=1508 / 소스=섹터매핑)
[32m09:29:21[0m [[1m정보[0m] [앱준비] 필터 통과 종목 157개
[32m09:29:21[0m [[1m정보[0m] [앱준비] 앱준비 완료 플래그 설정
[32m09:29:21[0m [[1m정보[0m] [매매적격종목] 저장데이터 로드 -- 1508종목
[32m09:29:21[0m [[1m정보[0m] [데이터동기화중] 저장데이터 유효 (1508종목) — 재조회 생략
[32m09:29:21[0m [[1m정보[0m] [앱준비] 데이터준비 완료 -- 실시간 준비됨
[32m09:29:21[0m [[1m정보[0m] [웹서버] 엔진 초기화 완료
[32m09:29:21[0m [[1m정보[0m] [웹서버] 엔진 준비 완료 이벤트 설정
[32m09:29:21[0m [[1m정보[0m] [웹서버] 서버 준비 완료 이벤트 설정
[32m09:29:21[0m [[1m정보[0m] [타임스케줄러] 구독 구간 내 시작 -- 실시간 필드 초기화
[32m09:29:21[0m [[1m정보[0m] [타임스케줄러] 구독 구간 진입 -- WS 미연결 상태, 연결 후 자동 구독됨
[32m09:29:21[0m [[1m정보[0m] [타임스케줄러] 기동 시각 09:29 — KRX 정규장 구간, 폴링 없음 (0J 실시간)
[32m09:29:21[0m [[1m정보[0m] [타임스케줄러] 시작 (이벤트 기반 타이머)
[32m09:29:21[0m [[1m정보[0m] [엔진] 실시간 필드 및 REST 보완 저장데이터, 수익 이력 초기화 완료 -- 1508종목, 실시간/REST 저장데이터 전체 클리어
[32m09:29:21[0m [[1m정보[0m] 애플리케이션 시작 완료
[32m09:29:21[0m [[1m정보[0m] [엔진] [앱시작] 준비완료 -- 114ms
[32m09:29:21[0m [[1m정보[0m] [기동시간] 병렬 초기화: 114ms
[32m09:29:21[0m [[1m정보[0m] [테스트모드] [엔진] KIWOOM [키움증권] 설정로딩 -- TR 17개, 계좌: 81214188
[32m09:29:21[0m [[1m정보[0m] [테스트모드] [엔진] KIWOOM REST API 인스턴스 연결 완료 (테스트모드=True, 토큰 단일 캐시)
[32m09:29:21[0m [[1m정보[0m] [엔진] 기동 완료 -- KIWOOM 테스트모드 / 계좌: 8121****
[32m09:29:21[0m [[1m정보[0m] [ConnectorManager] KIWOOM Connector 생성 완료
[32m09:29:21[0m [[1m정보[0m] [앱준비] 업종순위 후순위 계산 완료 -- 32개 섹터
[32m09:29:21[0m [[1m정보[0m] [앱준비] 업종순위 화면전송 완료 (접속화면=0)
[32m09:29:21[0m [[1m정보[0m] Uvicorn running on http://0.0.0.0:8000 (Press CTRL+C to quit)
[32m09:29:21[0m [[1m정보[0m] [키움증권] 키움증권 접속완료 (au10001) token=3xzxG2vwrt... expires_dt=20260507054931
[32m09:29:21[0m [[1m정보[0m] [서버소켓] 연결 시도: wss://api.kiwoom.com:10000/api/dostk/websocket
[32m09:29:21[0m [[1m정보[0m] [서버소켓] 연결 완료 — 로그인 전송
[32m09:29:21[0m [[1m정보[0m] [증권사연결] 연결 완료
[32m09:29:21[0m [[1m정보[0m] [ConnectorManager] KIWOOM 연결 완료
[32m09:29:21[0m [[1m정보[0m] [서버소켓] 수신 시작
[32m09:29:21[0m [[1m정보[0m] [엔진] 실시간 연결 완료
[32m09:29:21[0m [[1m정보[0m] [기동시간] 전체 기동: 282ms
[32m09:29:21[0m [[1m정보[0m] [서버소켓] 로그인 성공
[32m09:29:21[0m [[33m[1m주의[0m] [서버소켓] 수신 오류(계속): module 'app.services.engine_ws_dispatch' has no attribute 'handle_ws_data_async'
[32m09:29:24[0m [[1m정보[0m] [텔레그램] 폴링 시작
[32m09:29:24[0m [[1m정보[0m] [웹서버] 텔레그램 폴링 시작 (후순위)
